{
  "RSpec": {
    "coverage": {
      "/Users/nemenack/odds/checkcheck/checkcheck/app/helpers/application_helper.rb": {
        "lines": [
          1,
          1,
          6,
          6,
          null,
          15,
          6,
          null,
          null
        ],
        "branches": {
          "[:if, 0, 7, 15, 7, 34]": {
            "[:then, 1, 7, 15, 7, 21]": 2,
            "[:else, 2, 7, 15, 7, 34]": 4
          }
        }
      },
      "/Users/nemenack/odds/checkcheck/checkcheck/app/helpers/todos_helper.rb": {
        "lines": [
          1,
          1,
          5,
          1,
          1,
          1,
          2,
          null,
          null,
          null,
          1,
          4,
          1,
          1,
          1,
          1,
          null,
          null,
          null,
          null,
          1,
          null,
          null,
          null,
          null,
          null,
          1,
          5,
          null,
          null
        ],
        "branches": {
          "[:case, 0, 3, 4, 8, 7]": {
            "[:when, 1, 4, 41, 4, 91]": 1,
            "[:when, 2, 5, 41, 5, 100]": 1,
            "[:when, 3, 6, 41, 6, 100]": 1,
            "[:else, 4, 7, 41, 7, 109]": 2
          },
          "[:case, 5, 12, 4, 17, 7]": {
            "[:when, 6, 13, 41, 13, 64]": 1,
            "[:when, 7, 14, 41, 14, 70]": 1,
            "[:when, 8, 15, 41, 15, 65]": 1,
            "[:else, 9, 16, 41, 16, 68]": 1
          }
        }
      },
      "/Users/nemenack/odds/checkcheck/checkcheck/app/models/todo.rb": {
        "lines": [
          1,
          1,
          null,
          1,
          null,
          null,
          null,
          null,
          null,
          null,
          1,
          null
        ],
        "branches": {}
      },
      "/Users/nemenack/odds/checkcheck/checkcheck/app/models/application_record.rb": {
        "lines": [
          1,
          1,
          null
        ],
        "branches": {}
      },
      "/Users/nemenack/odds/checkcheck/checkcheck/app/controllers/brags_controller.rb": {
        "lines": [
          1,
          1,
          null,
          null
        ],
        "branches": {}
      },
      "/Users/nemenack/odds/checkcheck/checkcheck/app/controllers/application_controller.rb": {
        "lines": [
          1,
          null,
          1,
          null
        ],
        "branches": {}
      },
      "/Users/nemenack/odds/checkcheck/checkcheck/app/controllers/todos_controller.rb": {
        "lines": [
          1,
          1,
          1,
          1,
          null,
          null,
          1,
          0,
          null,
          null,
          1,
          0,
          null,
          null,
          1,
          2,
          2,
          1,
          1,
          2,
          null,
          null,
          1,
          null,
          null,
          null,
          1,
          null,
          null,
          null,
          null,
          1,
          1,
          1,
          1,
          1,
          1,
          null,
          null,
          null,
          null,
          1,
          1,
          1,
          1,
          1,
          2,
          null,
          null,
          null,
          1,
          null,
          1,
          2,
          null,
          null
        ],
        "branches": {
          "[:if, 0, 17, 4, 24, 7]": {
            "[:then, 1, 18, 6, 21, 9]": 1,
            "[:else, 2, 23, 6, 23, 49]": 1
          }
        }
      },
      "/Users/nemenack/odds/checkcheck/checkcheck/app/mailers/application_mailer.rb": {
        "lines": [
          1,
          1,
          1,
          null
        ],
        "branches": {}
      },
      "/Users/nemenack/odds/checkcheck/checkcheck/app/jobs/application_job.rb": {
        "lines": [
          1,
          null,
          null,
          null,
          null,
          null,
          null
        ],
        "branches": {}
      }
    },
    "timestamp": 1755683426
  },
  "Unit Tests": {
    "coverage": {
      "/Users/nemenack/odds/checkcheck/checkcheck/app/controllers/application_controller.rb": {
        "lines": [
          0,
          0
        ],
        "branches": {}
      },
      "/Users/nemenack/odds/checkcheck/checkcheck/app/controllers/todos_controller.rb": {
        "lines": [
          0,
          0,
          0,
          0,
          0,
          null,
          0,
          0,
          0,
          null,
          0,
          0,
          0,
          null,
          0,
          0,
          0,
          0,
          0,
          0,
          0,
          0,
          null,
          0,
          0,
          0,
          null,
          0,
          0,
          0,
          0,
          0,
          0,
          0,
          0,
          0,
          0,
          0,
          0,
          0,
          0,
          0,
          0,
          null,
          null,
          0,
          0,
          0,
          0,
          0,
          null,
          0,
          null,
          0,
          0,
          0,
          0
        ],
        "branches": {}
      },
      "/Users/nemenack/odds/checkcheck/checkcheck/app/helpers/application_helper.rb": {
        "lines": [
          0,
          0,
          0,
          0,
          null,
          0,
          0,
          0,
          0
        ],
        "branches": {}
      },
      "/Users/nemenack/odds/checkcheck/checkcheck/app/helpers/todos_helper.rb": {
        "lines": [
          0,
          0,
          0,
          0,
          0,
          0,
          0,
          0,
          0,
          null,
          0,
          0,
          0,
          0,
          0,
          0,
          0,
          0,
          null,
          0,
          0,
          0,
          0,
          0,
          0,
          null,
          0,
          0,
          0,
          0
        ],
        "branches": {}
      },
      "/Users/nemenack/odds/checkcheck/checkcheck/app/jobs/application_job.rb": {
        "lines": [
          0,
          null,
          null,
          null,
          null,
          null,
          0
        ],
        "branches": {}
      },
      "/Users/nemenack/odds/checkcheck/checkcheck/app/mailers/application_mailer.rb": {
        "lines": [
          0,
          0,
          0,
          0
        ],
        "branches": {}
      },
      "/Users/nemenack/odds/checkcheck/checkcheck/app/models/application_record.rb": {
        "lines": [
          0,
          0,
          0
        ],
        "branches": {}
      },
      "/Users/nemenack/odds/checkcheck/checkcheck/app/models/todo.rb": {
        "lines": [
          0,
          0,
          null,
          0,
          0,
          0,
          0,
          0,
          0,
          0
        ],
        "branches": {}
      }
    },
    "timestamp": 1755667278
  }
}
